{"/Users/corinacelestevaraspestano/Documents/Laboratoria/SCL012-tic-tac-toe/TicTacToe/About.js": {"path":"/Users/corinacelestevaraspestano/Documents/Laboratoria/SCL012-tic-tac-toe/TicTacToe/About.js","statementMap":{"0":{"start":{"line":6,"column":4},"end":{"line":10,"column":6}},"1":{"start":{"line":14,"column":15},"end":{"line":21,"column":2}}},"fnMap":{"0":{"name":"(anonymous_0)","decl":{"start":{"line":5,"column":2},"end":{"line":5,"column":3}},"loc":{"start":{"line":5,"column":11},"end":{"line":11,"column":3}},"line":5}},"branchMap":{},"s":{"0":0,"1":1},"f":{"0":0},"b":{},"_coverageSchema":"43e27e138ebf9cfc5966b082cf9a028302ed4184","hash":"20e156332ca0a02360986a0a8e5bc3e0b23289e2"}
,"/Users/corinacelestevaraspestano/Documents/Laboratoria/SCL012-tic-tac-toe/TicTacToe/App.js": {"path":"/Users/corinacelestevaraspestano/Documents/Laboratoria/SCL012-tic-tac-toe/TicTacToe/App.js","statementMap":{"0":{"start":{"line":16,"column":4},"end":{"line":16,"column":17}},"1":{"start":{"line":17,"column":4},"end":{"line":20,"column":6}},"2":{"start":{"line":23,"column":22},"end":{"line":25,"column":3}},"3":{"start":{"line":24,"column":4},"end":{"line":24,"column":26}},"4":{"start":{"line":27,"column":19},"end":{"line":32,"column":3}},"5":{"start":{"line":28,"column":4},"end":{"line":31,"column":7}},"6":{"start":{"line":34,"column":14},"end":{"line":48,"column":3}},"7":{"start":{"line":35,"column":22},"end":{"line":35,"column":23}},"8":{"start":{"line":36,"column":14},"end":{"line":36,"column":34}},"9":{"start":{"line":38,"column":4},"end":{"line":46,"column":5}},"10":{"start":{"line":38,"column":17},"end":{"line":38,"column":18}},"11":{"start":{"line":39,"column":6},"end":{"line":45,"column":7}},"12":{"start":{"line":40,"column":8},"end":{"line":40,"column":17}},"13":{"start":{"line":41,"column":13},"end":{"line":45,"column":7}},"14":{"start":{"line":42,"column":8},"end":{"line":42,"column":17}},"15":{"start":{"line":43,"column":13},"end":{"line":45,"column":7}},"16":{"start":{"line":44,"column":8},"end":{"line":44,"column":17}},"17":{"start":{"line":47,"column":4},"end":{"line":47,"column":13}},"18":{"start":{"line":51,"column":14},"end":{"line":91,"column":3}},"19":{"start":{"line":53,"column":20},"end":{"line":53,"column":21}},"20":{"start":{"line":54,"column":14},"end":{"line":54,"column":34}},"21":{"start":{"line":57,"column":4},"end":{"line":64,"column":5}},"22":{"start":{"line":57,"column":17},"end":{"line":57,"column":18}},"23":{"start":{"line":58,"column":6},"end":{"line":58,"column":46}},"24":{"start":{"line":59,"column":6},"end":{"line":63,"column":7}},"25":{"start":{"line":60,"column":8},"end":{"line":60,"column":17}},"26":{"start":{"line":61,"column":13},"end":{"line":63,"column":7}},"27":{"start":{"line":62,"column":8},"end":{"line":62,"column":18}},"28":{"start":{"line":66,"column":4},"end":{"line":73,"column":5}},"29":{"start":{"line":66,"column":17},"end":{"line":66,"column":18}},"30":{"start":{"line":67,"column":6},"end":{"line":67,"column":46}},"31":{"start":{"line":68,"column":6},"end":{"line":72,"column":7}},"32":{"start":{"line":69,"column":8},"end":{"line":69,"column":17}},"33":{"start":{"line":70,"column":13},"end":{"line":72,"column":7}},"34":{"start":{"line":71,"column":8},"end":{"line":71,"column":18}},"35":{"start":{"line":75,"column":4},"end":{"line":75,"column":44}},"36":{"start":{"line":76,"column":4},"end":{"line":80,"column":5}},"37":{"start":{"line":77,"column":6},"end":{"line":77,"column":15}},"38":{"start":{"line":78,"column":11},"end":{"line":80,"column":5}},"39":{"start":{"line":79,"column":6},"end":{"line":79,"column":16}},"40":{"start":{"line":82,"column":4},"end":{"line":82,"column":44}},"41":{"start":{"line":83,"column":4},"end":{"line":87,"column":5}},"42":{"start":{"line":84,"column":6},"end":{"line":84,"column":15}},"43":{"start":{"line":85,"column":11},"end":{"line":87,"column":5}},"44":{"start":{"line":86,"column":6},"end":{"line":86,"column":16}},"45":{"start":{"line":90,"column":4},"end":{"line":90,"column":13}},"46":{"start":{"line":93,"column":16},"end":{"line":131,"column":3}},"47":{"start":{"line":95,"column":16},"end":{"line":95,"column":46}},"48":{"start":{"line":96,"column":4},"end":{"line":98,"column":5}},"49":{"start":{"line":97,"column":6},"end":{"line":97,"column":13}},"50":{"start":{"line":101,"column":24},"end":{"line":101,"column":48}},"51":{"start":{"line":104,"column":14},"end":{"line":104,"column":42}},"52":{"start":{"line":105,"column":4},"end":{"line":105,"column":34}},"53":{"start":{"line":106,"column":4},"end":{"line":108,"column":7}},"54":{"start":{"line":111,"column":21},"end":{"line":111,"column":48}},"55":{"start":{"line":112,"column":4},"end":{"line":114,"column":7}},"56":{"start":{"line":117,"column":17},"end":{"line":117,"column":33}},"57":{"start":{"line":118,"column":4},"end":{"line":124,"column":5}},"58":{"start":{"line":119,"column":6},"end":{"line":119,"column":40}},"59":{"start":{"line":120,"column":6},"end":{"line":120,"column":28}},"60":{"start":{"line":121,"column":11},"end":{"line":124,"column":5}},"61":{"start":{"line":122,"column":6},"end":{"line":122,"column":39}},"62":{"start":{"line":123,"column":6},"end":{"line":123,"column":28}},"63":{"start":{"line":126,"column":15},"end":{"line":126,"column":31}},"64":{"start":{"line":127,"column":4},"end":{"line":130,"column":5}},"65":{"start":{"line":128,"column":6},"end":{"line":128,"column":29}},"66":{"start":{"line":129,"column":6},"end":{"line":129,"column":28}},"67":{"start":{"line":133,"column":14},"end":{"line":135,"column":3}},"68":{"start":{"line":134,"column":4},"end":{"line":134,"column":26}},"69":{"start":{"line":137,"column":15},"end":{"line":147,"column":3}},"70":{"start":{"line":138,"column":16},"end":{"line":138,"column":46}},"71":{"start":{"line":139,"column":4},"end":{"line":146,"column":5}},"72":{"start":{"line":141,"column":8},"end":{"line":141,"column":67}},"73":{"start":{"line":143,"column":8},"end":{"line":143,"column":63}},"74":{"start":{"line":145,"column":8},"end":{"line":145,"column":17}},"75":{"start":{"line":149,"column":23},"end":{"line":165,"column":3}},"76":{"start":{"line":150,"column":24},"end":{"line":150,"column":48}},"77":{"start":{"line":151,"column":4},"end":{"line":164,"column":5}},"78":{"start":{"line":153,"column":8},"end":{"line":157,"column":10}},"79":{"start":{"line":159,"column":8},"end":{"line":163,"column":10}},"80":{"start":{"line":168,"column":4},"end":{"line":318,"column":6}},"81":{"start":{"line":194,"column":31},"end":{"line":194,"column":53}},"82":{"start":{"line":207,"column":31},"end":{"line":207,"column":53}},"83":{"start":{"line":219,"column":31},"end":{"line":219,"column":53}},"84":{"start":{"line":235,"column":31},"end":{"line":235,"column":53}},"85":{"start":{"line":247,"column":31},"end":{"line":247,"column":53}},"86":{"start":{"line":255,"column":31},"end":{"line":255,"column":53}},"87":{"start":{"line":270,"column":31},"end":{"line":270,"column":53}},"88":{"start":{"line":283,"column":31},"end":{"line":283,"column":53}},"89":{"start":{"line":295,"column":31},"end":{"line":295,"column":53}},"90":{"start":{"line":322,"column":15},"end":{"line":365,"column":2}}},"fnMap":{"0":{"name":"(anonymous_0)","decl":{"start":{"line":15,"column":2},"end":{"line":15,"column":3}},"loc":{"start":{"line":15,"column":21},"end":{"line":21,"column":3}},"line":15},"1":{"name":"(anonymous_1)","decl":{"start":{"line":23,"column":22},"end":{"line":23,"column":23}},"loc":{"start":{"line":23,"column":28},"end":{"line":25,"column":3}},"line":23},"2":{"name":"(anonymous_2)","decl":{"start":{"line":27,"column":19},"end":{"line":27,"column":20}},"loc":{"start":{"line":27,"column":25},"end":{"line":32,"column":3}},"line":27},"3":{"name":"(anonymous_3)","decl":{"start":{"line":34,"column":14},"end":{"line":34,"column":15}},"loc":{"start":{"line":34,"column":20},"end":{"line":48,"column":3}},"line":34},"4":{"name":"(anonymous_4)","decl":{"start":{"line":51,"column":14},"end":{"line":51,"column":15}},"loc":{"start":{"line":51,"column":20},"end":{"line":91,"column":3}},"line":51},"5":{"name":"(anonymous_5)","decl":{"start":{"line":93,"column":16},"end":{"line":93,"column":17}},"loc":{"start":{"line":93,"column":30},"end":{"line":131,"column":3}},"line":93},"6":{"name":"(anonymous_6)","decl":{"start":{"line":133,"column":14},"end":{"line":133,"column":15}},"loc":{"start":{"line":133,"column":20},"end":{"line":135,"column":3}},"line":133},"7":{"name":"(anonymous_7)","decl":{"start":{"line":137,"column":15},"end":{"line":137,"column":16}},"loc":{"start":{"line":137,"column":29},"end":{"line":147,"column":3}},"line":137},"8":{"name":"(anonymous_8)","decl":{"start":{"line":149,"column":23},"end":{"line":149,"column":24}},"loc":{"start":{"line":149,"column":29},"end":{"line":165,"column":3}},"line":149},"9":{"name":"(anonymous_9)","decl":{"start":{"line":167,"column":2},"end":{"line":167,"column":3}},"loc":{"start":{"line":167,"column":11},"end":{"line":319,"column":3}},"line":167},"10":{"name":"(anonymous_10)","decl":{"start":{"line":194,"column":25},"end":{"line":194,"column":26}},"loc":{"start":{"line":194,"column":31},"end":{"line":194,"column":53}},"line":194},"11":{"name":"(anonymous_11)","decl":{"start":{"line":207,"column":25},"end":{"line":207,"column":26}},"loc":{"start":{"line":207,"column":31},"end":{"line":207,"column":53}},"line":207},"12":{"name":"(anonymous_12)","decl":{"start":{"line":219,"column":25},"end":{"line":219,"column":26}},"loc":{"start":{"line":219,"column":31},"end":{"line":219,"column":53}},"line":219},"13":{"name":"(anonymous_13)","decl":{"start":{"line":235,"column":25},"end":{"line":235,"column":26}},"loc":{"start":{"line":235,"column":31},"end":{"line":235,"column":53}},"line":235},"14":{"name":"(anonymous_14)","decl":{"start":{"line":247,"column":25},"end":{"line":247,"column":26}},"loc":{"start":{"line":247,"column":31},"end":{"line":247,"column":53}},"line":247},"15":{"name":"(anonymous_15)","decl":{"start":{"line":255,"column":25},"end":{"line":255,"column":26}},"loc":{"start":{"line":255,"column":31},"end":{"line":255,"column":53}},"line":255},"16":{"name":"(anonymous_16)","decl":{"start":{"line":270,"column":25},"end":{"line":270,"column":26}},"loc":{"start":{"line":270,"column":31},"end":{"line":270,"column":53}},"line":270},"17":{"name":"(anonymous_17)","decl":{"start":{"line":283,"column":25},"end":{"line":283,"column":26}},"loc":{"start":{"line":283,"column":31},"end":{"line":283,"column":53}},"line":283},"18":{"name":"(anonymous_18)","decl":{"start":{"line":295,"column":25},"end":{"line":295,"column":26}},"loc":{"start":{"line":295,"column":31},"end":{"line":295,"column":53}},"line":295}},"branchMap":{"0":{"loc":{"start":{"line":39,"column":6},"end":{"line":45,"column":7}},"type":"if","locations":[{"start":{"line":39,"column":6},"end":{"line":45,"column":7}},{"start":{"line":39,"column":6},"end":{"line":45,"column":7}}],"line":39},"1":{"loc":{"start":{"line":41,"column":13},"end":{"line":45,"column":7}},"type":"if","locations":[{"start":{"line":41,"column":13},"end":{"line":45,"column":7}},{"start":{"line":41,"column":13},"end":{"line":45,"column":7}}],"line":41},"2":{"loc":{"start":{"line":43,"column":13},"end":{"line":45,"column":7}},"type":"if","locations":[{"start":{"line":43,"column":13},"end":{"line":45,"column":7}},{"start":{"line":43,"column":13},"end":{"line":45,"column":7}}],"line":43},"3":{"loc":{"start":{"line":59,"column":6},"end":{"line":63,"column":7}},"type":"if","locations":[{"start":{"line":59,"column":6},"end":{"line":63,"column":7}},{"start":{"line":59,"column":6},"end":{"line":63,"column":7}}],"line":59},"4":{"loc":{"start":{"line":61,"column":13},"end":{"line":63,"column":7}},"type":"if","locations":[{"start":{"line":61,"column":13},"end":{"line":63,"column":7}},{"start":{"line":61,"column":13},"end":{"line":63,"column":7}}],"line":61},"5":{"loc":{"start":{"line":68,"column":6},"end":{"line":72,"column":7}},"type":"if","locations":[{"start":{"line":68,"column":6},"end":{"line":72,"column":7}},{"start":{"line":68,"column":6},"end":{"line":72,"column":7}}],"line":68},"6":{"loc":{"start":{"line":70,"column":13},"end":{"line":72,"column":7}},"type":"if","locations":[{"start":{"line":70,"column":13},"end":{"line":72,"column":7}},{"start":{"line":70,"column":13},"end":{"line":72,"column":7}}],"line":70},"7":{"loc":{"start":{"line":76,"column":4},"end":{"line":80,"column":5}},"type":"if","locations":[{"start":{"line":76,"column":4},"end":{"line":80,"column":5}},{"start":{"line":76,"column":4},"end":{"line":80,"column":5}}],"line":76},"8":{"loc":{"start":{"line":78,"column":11},"end":{"line":80,"column":5}},"type":"if","locations":[{"start":{"line":78,"column":11},"end":{"line":80,"column":5}},{"start":{"line":78,"column":11},"end":{"line":80,"column":5}}],"line":78},"9":{"loc":{"start":{"line":83,"column":4},"end":{"line":87,"column":5}},"type":"if","locations":[{"start":{"line":83,"column":4},"end":{"line":87,"column":5}},{"start":{"line":83,"column":4},"end":{"line":87,"column":5}}],"line":83},"10":{"loc":{"start":{"line":85,"column":11},"end":{"line":87,"column":5}},"type":"if","locations":[{"start":{"line":85,"column":11},"end":{"line":87,"column":5}},{"start":{"line":85,"column":11},"end":{"line":87,"column":5}}],"line":85},"11":{"loc":{"start":{"line":96,"column":4},"end":{"line":98,"column":5}},"type":"if","locations":[{"start":{"line":96,"column":4},"end":{"line":98,"column":5}},{"start":{"line":96,"column":4},"end":{"line":98,"column":5}}],"line":96},"12":{"loc":{"start":{"line":111,"column":21},"end":{"line":111,"column":48}},"type":"cond-expr","locations":[{"start":{"line":111,"column":42},"end":{"line":111,"column":44}},{"start":{"line":111,"column":47},"end":{"line":111,"column":48}}],"line":111},"13":{"loc":{"start":{"line":118,"column":4},"end":{"line":124,"column":5}},"type":"if","locations":[{"start":{"line":118,"column":4},"end":{"line":124,"column":5}},{"start":{"line":118,"column":4},"end":{"line":124,"column":5}}],"line":118},"14":{"loc":{"start":{"line":121,"column":11},"end":{"line":124,"column":5}},"type":"if","locations":[{"start":{"line":121,"column":11},"end":{"line":124,"column":5}},{"start":{"line":121,"column":11},"end":{"line":124,"column":5}}],"line":121},"15":{"loc":{"start":{"line":127,"column":4},"end":{"line":130,"column":5}},"type":"if","locations":[{"start":{"line":127,"column":4},"end":{"line":130,"column":5}},{"start":{"line":127,"column":4},"end":{"line":130,"column":5}}],"line":127},"16":{"loc":{"start":{"line":139,"column":4},"end":{"line":146,"column":5}},"type":"switch","locations":[{"start":{"line":140,"column":6},"end":{"line":141,"column":67}},{"start":{"line":142,"column":6},"end":{"line":143,"column":63}},{"start":{"line":144,"column":6},"end":{"line":145,"column":17}}],"line":139},"17":{"loc":{"start":{"line":151,"column":4},"end":{"line":164,"column":5}},"type":"switch","locations":[{"start":{"line":152,"column":6},"end":{"line":157,"column":10}},{"start":{"line":158,"column":6},"end":{"line":163,"column":10}}],"line":151}},"s":{"0":0,"1":0,"2":0,"3":0,"4":0,"5":0,"6":0,"7":0,"8":0,"9":0,"10":0,"11":0,"12":0,"13":0,"14":0,"15":0,"16":0,"17":0,"18":0,"19":0,"20":0,"21":0,"22":0,"23":0,"24":0,"25":0,"26":0,"27":0,"28":0,"29":0,"30":0,"31":0,"32":0,"33":0,"34":0,"35":0,"36":0,"37":0,"38":0,"39":0,"40":0,"41":0,"42":0,"43":0,"44":0,"45":0,"46":0,"47":0,"48":0,"49":0,"50":0,"51":0,"52":0,"53":0,"54":0,"55":0,"56":0,"57":0,"58":0,"59":0,"60":0,"61":0,"62":0,"63":0,"64":0,"65":0,"66":0,"67":0,"68":0,"69":0,"70":0,"71":0,"72":0,"73":0,"74":0,"75":0,"76":0,"77":0,"78":0,"79":0,"80":0,"81":0,"82":0,"83":0,"84":0,"85":0,"86":0,"87":0,"88":0,"89":0,"90":1},"f":{"0":0,"1":0,"2":0,"3":0,"4":0,"5":0,"6":0,"7":0,"8":0,"9":0,"10":0,"11":0,"12":0,"13":0,"14":0,"15":0,"16":0,"17":0,"18":0},"b":{"0":[0,0],"1":[0,0],"2":[0,0],"3":[0,0],"4":[0,0],"5":[0,0],"6":[0,0],"7":[0,0],"8":[0,0],"9":[0,0],"10":[0,0],"11":[0,0],"12":[0,0],"13":[0,0],"14":[0,0],"15":[0,0],"16":[0,0,0],"17":[0,0]},"_coverageSchema":"43e27e138ebf9cfc5966b082cf9a028302ed4184","hash":"16de56b7bdd95daffbd03df2d521153d7be5403e"}
}
