TN:
SF:/Users/corinacelestevaraspestano/Documents/Laboratoria/SCL012-tic-tac-toe/TicTacToe/About.js
FN:5,(anonymous_0)
FNF:1
FNH:0
FNDA:0,(anonymous_0)
DA:6,0
DA:14,1
LF:2
LH:1
BRF:0
BRH:0
end_of_record
TN:
SF:/Users/corinacelestevaraspestano/Documents/Laboratoria/SCL012-tic-tac-toe/TicTacToe/App.js
FN:15,(anonymous_0)
FN:23,(anonymous_1)
FN:27,(anonymous_2)
FN:34,(anonymous_3)
FN:51,(anonymous_4)
FN:93,(anonymous_5)
FN:133,(anonymous_6)
FN:137,(anonymous_7)
FN:149,(anonymous_8)
FN:167,(anonymous_9)
FN:194,(anonymous_10)
FN:207,(anonymous_11)
FN:219,(anonymous_12)
FN:235,(anonymous_13)
FN:247,(anonymous_14)
FN:255,(anonymous_15)
FN:270,(anonymous_16)
FN:283,(anonymous_17)
FN:295,(anonymous_18)
FNF:19
FNH:0
FNDA:0,(anonymous_0)
FNDA:0,(anonymous_1)
FNDA:0,(anonymous_2)
FNDA:0,(anonymous_3)
FNDA:0,(anonymous_4)
FNDA:0,(anonymous_5)
FNDA:0,(anonymous_6)
FNDA:0,(anonymous_7)
FNDA:0,(anonymous_8)
FNDA:0,(anonymous_9)
FNDA:0,(anonymous_10)
FNDA:0,(anonymous_11)
FNDA:0,(anonymous_12)
FNDA:0,(anonymous_13)
FNDA:0,(anonymous_14)
FNDA:0,(anonymous_15)
FNDA:0,(anonymous_16)
FNDA:0,(anonymous_17)
FNDA:0,(anonymous_18)
DA:16,0
DA:17,0
DA:23,0
DA:24,0
DA:27,0
DA:28,0
DA:34,0
DA:35,0
DA:36,0
DA:38,0
DA:39,0
DA:40,0
DA:41,0
DA:42,0
DA:43,0
DA:44,0
DA:47,0
DA:51,0
DA:53,0
DA:54,0
DA:57,0
DA:58,0
DA:59,0
DA:60,0
DA:61,0
DA:62,0
DA:66,0
DA:67,0
DA:68,0
DA:69,0
DA:70,0
DA:71,0
DA:75,0
DA:76,0
DA:77,0
DA:78,0
DA:79,0
DA:82,0
DA:83,0
DA:84,0
DA:85,0
DA:86,0
DA:90,0
DA:93,0
DA:95,0
DA:96,0
DA:97,0
DA:101,0
DA:104,0
DA:105,0
DA:106,0
DA:111,0
DA:112,0
DA:117,0
DA:118,0
DA:119,0
DA:120,0
DA:121,0
DA:122,0
DA:123,0
DA:126,0
DA:127,0
DA:128,0
DA:129,0
DA:133,0
DA:134,0
DA:137,0
DA:138,0
DA:139,0
DA:141,0
DA:143,0
DA:145,0
DA:149,0
DA:150,0
DA:151,0
DA:153,0
DA:159,0
DA:168,0
DA:194,0
DA:207,0
DA:219,0
DA:235,0
DA:247,0
DA:255,0
DA:270,0
DA:283,0
DA:295,0
DA:322,1
LF:88
LH:1
BRDA:39,0,0,0
BRDA:39,0,1,0
BRDA:41,1,0,0
BRDA:41,1,1,0
BRDA:43,2,0,0
BRDA:43,2,1,0
BRDA:59,3,0,0
BRDA:59,3,1,0
BRDA:61,4,0,0
BRDA:61,4,1,0
BRDA:68,5,0,0
BRDA:68,5,1,0
BRDA:70,6,0,0
BRDA:70,6,1,0
BRDA:76,7,0,0
BRDA:76,7,1,0
BRDA:78,8,0,0
BRDA:78,8,1,0
BRDA:83,9,0,0
BRDA:83,9,1,0
BRDA:85,10,0,0
BRDA:85,10,1,0
BRDA:96,11,0,0
BRDA:96,11,1,0
BRDA:111,12,0,0
BRDA:111,12,1,0
BRDA:118,13,0,0
BRDA:118,13,1,0
BRDA:121,14,0,0
BRDA:121,14,1,0
BRDA:127,15,0,0
BRDA:127,15,1,0
BRDA:139,16,0,0
BRDA:139,16,1,0
BRDA:139,16,2,0
BRDA:151,17,0,0
BRDA:151,17,1,0
BRF:37
BRH:0
end_of_record
